<?xml version="1.0" encoding="UTF-8"?>
<testng-results ignored="0" total="2" passed="2" failed="0" skipped="0">
  <reporter-output>
  </reporter-output>
  <suite started-at="2024-11-19T15:48:00 IST" name="Suite" finished-at="2024-11-19T15:48:07 IST" duration-ms="7268">
    <groups>
    </groups>
    <test started-at="2024-11-19T15:48:00 IST" name="Test" finished-at="2024-11-19T15:48:07 IST" duration-ms="7268">
      <class name="com.sipl.api.ApiTests">
        <test-method signature="testCreateUser()[pri:0, instance:com.sipl.api.ApiTests@2a65fe7c]" started-at="2024-11-19T15:48:00 IST" name="testCreateUser" finished-at="2024-11-19T15:48:07 IST" duration-ms="6631" status="PASS">
          <reporter-output>
          </reporter-output>
        </test-method> <!-- testCreateUser -->
        <test-method signature="testGetUser()[pri:0, instance:com.sipl.api.ApiTests@2a65fe7c]" started-at="2024-11-19T15:48:07 IST" name="testGetUser" finished-at="2024-11-19T15:48:07 IST" duration-ms="513" status="PASS">
          <reporter-output>
          </reporter-output>
        </test-method> <!-- testGetUser -->
      </class> <!-- com.sipl.api.ApiTests -->
    </test> <!-- Test -->
  </suite> <!-- Suite -->
</testng-results>
